# JRE version: OpenJDK Runtime Environment (8.0_212-b04) (build 1.8.0_212-release-1586-b04)
# Java VM: OpenJDK 64-Bit Server VM (25.212-b04 mixed mode windows-amd64 compressed oops)
Heap:
 PSYoungGen      total 364544K, used 344205K [0x00000000e0000000, 0x00000000fef00000, 0x0000000100000000)
  eden space 304640K, 99% used [0x00000000e0000000,0x00000000f297f998,0x00000000f2980000)
  from space 59904K, 66% used [0x00000000f2980000,0x00000000f5023d58,0x00000000f6400000)
  to   space 59904K, 61% used [0x00000000fb480000,0x00000000fd851360,0x00000000fef00000)
 ParOldGen       total 1048576K, used 96315K [0x00000000a0000000, 0x00000000e0000000, 0x00000000e0000000)
  object space 1048576K, 9% used [0x00000000a0000000,0x00000000a5e0edd0,0x00000000e0000000)
 Metaspace       used 130769K, capacity 138840K, committed 139048K, reserved 1169408K
  class space    used 17114K, capacity 18725K, committed 18728K, reserved 1048576K
GC Heap History (10 events):
Event: 3605.638 GC heap after
Heap after GC invocations=25 (full 4):
 PSYoungGen      total 361984K, used 32986K [0x00000000e0000000, 0x00000000fb400000, 0x0000000100000000)
  eden space 328704K, 0% used [0x00000000e0000000,0x00000000e0000000,0x00000000f4100000)
  from space 33280K, 99% used [0x00000000f4d80000,0x00000000f6db6a68,0x00000000f6e00000)
  to   space 58880K, 0% used [0x00000000f7a80000,0x00000000f7a80000,0x00000000fb400000)
 ParOldGen       total 213504K, used 89586K [0x00000000a0000000, 0x00000000ad080000, 0x00000000e0000000)
  object space 213504K, 41% used [0x00000000a0000000,0x00000000a577c998,0x00000000ad080000)
 Metaspace       used 127663K, capacity 135258K, committed 135464K, reserved 1167360K
  class space    used 16783K, capacity 18215K, committed 18216K, reserved 1048576K
}
Event: 3620.729 GC heap before
{Heap before GC invocations=26 (full 4):
 PSYoungGen      total 361984K, used 361690K [0x00000000e0000000, 0x00000000fb400000, 0x0000000100000000)
  eden space 328704K, 100% used [0x00000000e0000000,0x00000000f4100000,0x00000000f4100000)
  from space 33280K, 99% used [0x00000000f4d80000,0x00000000f6db6a68,0x00000000f6e00000)
  to   space 58880K, 0% used [0x00000000f7a80000,0x00000000f7a80000,0x00000000fb400000)
 ParOldGen       total 213504K, used 89586K [0x00000000a0000000, 0x00000000ad080000, 0x00000000e0000000)
  object space 213504K, 41% used [0x00000000a0000000,0x00000000a577c998,0x00000000ad080000)
 Metaspace       used 128234K, capacity 135928K, committed 136104K, reserved 1167360K
  class space    used 16841K, capacity 18298K, committed 18344K, reserved 1048576K
Event: 3620.838 GC heap after
Heap after GC invocations=26 (full 4):
 PSYoungGen      total 357888K, used 27335K [0x00000000e0000000, 0x00000000fa300000, 0x0000000100000000)
  eden space 316416K, 0% used [0x00000000e0000000,0x00000000e0000000,0x00000000f3500000)
  from space 41472K, 65% used [0x00000000f7a80000,0x00000000f9531e58,0x00000000fa300000)
  to   space 56320K, 0% used [0x00000000f3500000,0x00000000f3500000,0x00000000f6c00000)
 ParOldGen       total 213504K, used 89594K [0x00000000a0000000, 0x00000000ad080000, 0x00000000e0000000)
  object space 213504K, 41% used [0x00000000a0000000,0x00000000a577e998,0x00000000ad080000)
 Metaspace       used 128234K, capacity 135928K, committed 136104K, reserved 1167360K
  class space    used 16841K, capacity 18298K, committed 18344K, reserved 1048576K
}
Event: 6235.342 GC heap before
{Heap before GC invocations=27 (full 4):
 PSYoungGen      total 357888K, used 343751K [0x00000000e0000000, 0x00000000fa300000, 0x0000000100000000)
  eden space 316416K, 100% used [0x00000000e0000000,0x00000000f3500000,0x00000000f3500000)
  from space 41472K, 65% used [0x00000000f7a80000,0x00000000f9531e58,0x00000000fa300000)
  to   space 56320K, 0% used [0x00000000f3500000,0x00000000f3500000,0x00000000f6c00000)
 ParOldGen       total 213504K, used 89594K [0x00000000a0000000, 0x00000000ad080000, 0x00000000e0000000)
  object space 213504K, 41% used [0x00000000a0000000,0x00000000a577e998,0x00000000ad080000)
 Metaspace       used 130484K, capacity 138556K, committed 138792K, reserved 1169408K
  class space    used 17097K, capacity 18681K, committed 18728K, reserved 1048576K
Event: 6235.444 GC heap after
Heap after GC invocations=27 (full 4):
 PSYoungGen      total 350720K, used 45931K [0x00000000e0000000, 0x00000000f9e80000, 0x0000000100000000)
  eden space 304640K, 0% used [0x00000000e0000000,0x00000000e0000000,0x00000000f2980000)
  from space 46080K, 99% used [0x00000000f3500000,0x00000000f61dada0,0x00000000f6200000)
  to   space 59904K, 0% used [0x00000000f6400000,0x00000000f6400000,0x00000000f9e80000)
 ParOldGen       total 213504K, used 89602K [0x00000000a0000000, 0x00000000ad080000, 0x00000000e0000000)
  object space 213504K, 41% used [0x00000000a0000000,0x00000000a5780998,0x00000000ad080000)
 Metaspace       used 130484K, capacity 138556K, committed 138792K, reserved 1169408K
  class space    used 17097K, capacity 18681K, committed 18728K, reserved 1048576K
}
Event: 6238.236 GC heap before
{Heap before GC invocations=28 (full 4):
 PSYoungGen      total 350720K, used 350571K [0x00000000e0000000, 0x00000000f9e80000, 0x0000000100000000)
  eden space 304640K, 100% used [0x00000000e0000000,0x00000000f2980000,0x00000000f2980000)
  from space 46080K, 99% used [0x00000000f3500000,0x00000000f61dada0,0x00000000f6200000)
  to   space 59904K, 0% used [0x00000000f6400000,0x00000000f6400000,0x00000000f9e80000)
 ParOldGen       total 213504K, used 89605K [0x00000000a0000000, 0x00000000ad080000, 0x00000000e0000000)
  object space 213504K, 41% used [0x00000000a0000000,0x00000000a5781498,0x00000000ad080000)
 Metaspace       used 130556K, capacity 138668K, committed 138792K, reserved 1169408K
  class space    used 17103K, capacity 18717K, committed 18728K, reserved 1048576K
Event: 6238.323 GC heap after
Heap after GC invocations=28 (full 4):
 PSYoungGen      total 364544K, used 39539K [0x00000000e0000000, 0x00000000fbf00000, 0x0000000100000000)
  eden space 304640K, 0% used [0x00000000e0000000,0x00000000e0000000,0x00000000f2980000)
  from space 59904K, 66% used [0x00000000f6400000,0x00000000f8a9ce68,0x00000000f9e80000)
  to   space 59904K, 0% used [0x00000000f2980000,0x00000000f2980000,0x00000000f6400000)
 ParOldGen       total 213504K, used 89677K [0x00000000a0000000, 0x00000000ad080000, 0x00000000e0000000)
  object space 213504K, 42% used [0x00000000a0000000,0x00000000a57934a8,0x00000000ad080000)
 Metaspace       used 130556K, capacity 138668K, committed 138792K, reserved 1169408K
  class space    used 17103K, capacity 18717K, committed 18728K, reserved 1048576K
}
Event: 6238.334 GC heap before
{Heap before GC invocations=29 (full 4):
 PSYoungGen      total 364544K, used 40426K [0x00000000e0000000, 0x00000000fbf00000, 0x0000000100000000)
  eden space 304640K, 0% used [0x00000000e0000000,0x00000000e00ddb58,0x00000000f2980000)
  from space 59904K, 66% used [0x00000000f6400000,0x00000000f8a9ce68,0x00000000f9e80000)
  to   space 59904K, 0% used [0x00000000f2980000,0x00000000f2980000,0x00000000f6400000)
 ParOldGen       total 213504K, used 89677K [0x00000000a0000000, 0x00000000ad080000, 0x00000000e0000000)
  object space 213504K, 42% used [0x00000000a0000000,0x00000000a57934a8,0x00000000ad080000)
 Metaspace       used 130556K, capacity 138668K, committed 138792K, reserved 1169408K
  class space    used 17103K, capacity 18717K, committed 18728K, reserved 1048576K
Event: 6238.405 GC heap after
Heap after GC invocations=29 (full 4):
 PSYoungGen      total 364544K, used 39567K [0x00000000e0000000, 0x00000000fef00000, 0x0000000100000000)
  eden space 304640K, 0% used [0x00000000e0000000,0x00000000e0000000,0x00000000f2980000)
  from space 59904K, 66% used [0x00000000f2980000,0x00000000f5023d58,0x00000000f6400000)
  to   space 59904K, 0% used [0x00000000fb480000,0x00000000fb480000,0x00000000fef00000)
 ParOldGen       total 213504K, used 89685K [0x00000000a0000000, 0x00000000ad080000, 0x00000000e0000000)
  object space 213504K, 42% used [0x00000000a0000000,0x00000000a57954a8,0x00000000ad080000)
 Metaspace       used 130556K, capacity 138668K, committed 138792K, reserved 1169408K
  class space    used 17103K, capacity 18717K, committed 18728K, reserved 1048576K
}
Event: 6271.239 GC heap before
{Heap before GC invocations=30 (full 4):
 PSYoungGen      total 364544K, used 344205K [0x00000000e0000000, 0x00000000fef00000, 0x0000000100000000)
  eden space 304640K, 99% used [0x00000000e0000000,0x00000000f297f998,0x00000000f2980000)
  from space 59904K, 66% used [0x00000000f2980000,0x00000000f5023d58,0x00000000f6400000)
  to   space 59904K, 0% used [0x00000000fb480000,0x00000000fb480000,0x00000000fef00000)
 ParOldGen       total 213504K, used 89685K [0x00000000a0000000, 0x00000000ad080000, 0x00000000e0000000)
  object space 213504K, 42% used [0x00000000a0000000,0x00000000a57954a8,0x00000000ad080000)
 Metaspace       used 130769K, capacity 138840K, committed 139048K, reserved 1169408K
  class space    used 17114K, capacity 18725K, committed 18728K, reserved 1048576K

